[ pid=6804 thr=82840000 file=utils.rb:176 time=2012-02-18 02:54:17.683 ]: *** Exception LoadError in PhusionPassenger::Rack::ApplicationSpawner (no such file to load -- contact-send) (process 6804, thread #<Thread:0x9e01380>):
	from /home/gauranga/.rvm/rubies/ruby-1.9.2-p290/lib/ruby/site_ruby/1.9.1/rubygems/custom_require.rb:36:in `require'
	from /home/gauranga/.rvm/rubies/ruby-1.9.2-p290/lib/ruby/site_ruby/1.9.1/rubygems/custom_require.rb:36:in `require'
	from config.ru:2:in `block in <main>'
	from /home/gauranga/.rvm/gems/ruby-1.9.2-p290@global/gems/rack-1.3.6/lib/rack/builder.rb:51:in `instance_eval'
	from /home/gauranga/.rvm/gems/ruby-1.9.2-p290@global/gems/rack-1.3.6/lib/rack/builder.rb:51:in `initialize'
	from config.ru:1:in `new'
	from config.ru:1:in `<main>'
	from /home/gauranga/.passenger/standalone/3.0.11-x86-ruby1.9.2-linux-gcc4.5.2-1002/support/lib/phusion_passenger/rack/application_spawner.rb:225:in `eval'
	from /home/gauranga/.passenger/standalone/3.0.11-x86-ruby1.9.2-linux-gcc4.5.2-1002/support/lib/phusion_passenger/rack/application_spawner.rb:225:in `load_rack_app'
	from /home/gauranga/.passenger/standalone/3.0.11-x86-ruby1.9.2-linux-gcc4.5.2-1002/support/lib/phusion_passenger/rack/application_spawner.rb:157:in `block in initialize_server'
	from /home/gauranga/.passenger/standalone/3.0.11-x86-ruby1.9.2-linux-gcc4.5.2-1002/support/lib/phusion_passenger/utils.rb:572:in `report_app_init_status'
	from /home/gauranga/.passenger/standalone/3.0.11-x86-ruby1.9.2-linux-gcc4.5.2-1002/support/lib/phusion_passenger/rack/application_spawner.rb:154:in `initialize_server'
	from /home/gauranga/.passenger/standalone/3.0.11-x86-ruby1.9.2-linux-gcc4.5.2-1002/support/lib/phusion_passenger/abstract_server.rb:204:in `start_synchronously'
	from /home/gauranga/.passenger/standalone/3.0.11-x86-ruby1.9.2-linux-gcc4.5.2-1002/support/lib/phusion_passenger/abstract_server.rb:180:in `start'
	from /home/gauranga/.passenger/standalone/3.0.11-x86-ruby1.9.2-linux-gcc4.5.2-1002/support/lib/phusion_passenger/rack/application_spawner.rb:129:in `start'
	from /home/gauranga/.passenger/standalone/3.0.11-x86-ruby1.9.2-linux-gcc4.5.2-1002/support/lib/phusion_passenger/spawn_manager.rb:253:in `block (2 levels) in spawn_rack_application'
	from /home/gauranga/.passenger/standalone/3.0.11-x86-ruby1.9.2-linux-gcc4.5.2-1002/support/lib/phusion_passenger/abstract_server_collection.rb:132:in `lookup_or_add'
	from /home/gauranga/.passenger/standalone/3.0.11-x86-ruby1.9.2-linux-gcc4.5.2-1002/support/lib/phusion_passenger/spawn_manager.rb:246:in `block in spawn_rack_application'
	from /home/gauranga/.passenger/standalone/3.0.11-x86-ruby1.9.2-linux-gcc4.5.2-1002/support/lib/phusion_passenger/abstract_server_collection.rb:82:in `block in synchronize'
	from <internal:prelude>:10:in `synchronize'
	from /home/gauranga/.passenger/standalone/3.0.11-x86-ruby1.9.2-linux-gcc4.5.2-1002/support/lib/phusion_passenger/abstract_server_collection.rb:79:in `synchronize'
	from /home/gauranga/.passenger/standalone/3.0.11-x86-ruby1.9.2-linux-gcc4.5.2-1002/support/lib/phusion_passenger/spawn_manager.rb:244:in `spawn_rack_application'
	from /home/gauranga/.passenger/standalone/3.0.11-x86-ruby1.9.2-linux-gcc4.5.2-1002/support/lib/phusion_passenger/spawn_manager.rb:137:in `spawn_application'
	from /home/gauranga/.passenger/standalone/3.0.11-x86-ruby1.9.2-linux-gcc4.5.2-1002/support/lib/phusion_passenger/spawn_manager.rb:275:in `handle_spawn_application'
	from /home/gauranga/.passenger/standalone/3.0.11-x86-ruby1.9.2-linux-gcc4.5.2-1002/support/lib/phusion_passenger/abstract_server.rb:357:in `server_main_loop'
	from /home/gauranga/.passenger/standalone/3.0.11-x86-ruby1.9.2-linux-gcc4.5.2-1002/support/lib/phusion_passenger/abstract_server.rb:206:in `start_synchronously'
	from /home/gauranga/.passenger/standalone/3.0.11-x86-ruby1.9.2-linux-gcc4.5.2-1002/support/helper-scripts/passenger-spawn-server:99:in `<main>'
[ pid=6804 thr=82840000 file=utils.rb:176 time=2012-02-18 02:56:24.501 ]: *** Exception LoadError in PhusionPassenger::Rack::ApplicationSpawner (no such file to load -- contact-send) (process 6804, thread #<Thread:0x9e01380>):
	from /home/gauranga/.rvm/rubies/ruby-1.9.2-p290/lib/ruby/site_ruby/1.9.1/rubygems/custom_require.rb:36:in `require'
	from /home/gauranga/.rvm/rubies/ruby-1.9.2-p290/lib/ruby/site_ruby/1.9.1/rubygems/custom_require.rb:36:in `require'
	from config.ru:2:in `block in <main>'
	from /home/gauranga/.rvm/gems/ruby-1.9.2-p290@global/gems/rack-1.3.6/lib/rack/builder.rb:51:in `instance_eval'
	from /home/gauranga/.rvm/gems/ruby-1.9.2-p290@global/gems/rack-1.3.6/lib/rack/builder.rb:51:in `initialize'
	from config.ru:1:in `new'
	from config.ru:1:in `<main>'
	from /home/gauranga/.passenger/standalone/3.0.11-x86-ruby1.9.2-linux-gcc4.5.2-1002/support/lib/phusion_passenger/rack/application_spawner.rb:225:in `eval'
	from /home/gauranga/.passenger/standalone/3.0.11-x86-ruby1.9.2-linux-gcc4.5.2-1002/support/lib/phusion_passenger/rack/application_spawner.rb:225:in `load_rack_app'
	from /home/gauranga/.passenger/standalone/3.0.11-x86-ruby1.9.2-linux-gcc4.5.2-1002/support/lib/phusion_passenger/rack/application_spawner.rb:157:in `block in initialize_server'
	from /home/gauranga/.passenger/standalone/3.0.11-x86-ruby1.9.2-linux-gcc4.5.2-1002/support/lib/phusion_passenger/utils.rb:572:in `report_app_init_status'
	from /home/gauranga/.passenger/standalone/3.0.11-x86-ruby1.9.2-linux-gcc4.5.2-1002/support/lib/phusion_passenger/rack/application_spawner.rb:154:in `initialize_server'
	from /home/gauranga/.passenger/standalone/3.0.11-x86-ruby1.9.2-linux-gcc4.5.2-1002/support/lib/phusion_passenger/abstract_server.rb:204:in `start_synchronously'
	from /home/gauranga/.passenger/standalone/3.0.11-x86-ruby1.9.2-linux-gcc4.5.2-1002/support/lib/phusion_passenger/abstract_server.rb:180:in `start'
	from /home/gauranga/.passenger/standalone/3.0.11-x86-ruby1.9.2-linux-gcc4.5.2-1002/support/lib/phusion_passenger/rack/application_spawner.rb:129:in `start'
	from /home/gauranga/.passenger/standalone/3.0.11-x86-ruby1.9.2-linux-gcc4.5.2-1002/support/lib/phusion_passenger/spawn_manager.rb:253:in `block (2 levels) in spawn_rack_application'
	from /home/gauranga/.passenger/standalone/3.0.11-x86-ruby1.9.2-linux-gcc4.5.2-1002/support/lib/phusion_passenger/abstract_server_collection.rb:132:in `lookup_or_add'
	from /home/gauranga/.passenger/standalone/3.0.11-x86-ruby1.9.2-linux-gcc4.5.2-1002/support/lib/phusion_passenger/spawn_manager.rb:246:in `block in spawn_rack_application'
	from /home/gauranga/.passenger/standalone/3.0.11-x86-ruby1.9.2-linux-gcc4.5.2-1002/support/lib/phusion_passenger/abstract_server_collection.rb:82:in `block in synchronize'
	from <internal:prelude>:10:in `synchronize'
	from /home/gauranga/.passenger/standalone/3.0.11-x86-ruby1.9.2-linux-gcc4.5.2-1002/support/lib/phusion_passenger/abstract_server_collection.rb:79:in `synchronize'
	from /home/gauranga/.passenger/standalone/3.0.11-x86-ruby1.9.2-linux-gcc4.5.2-1002/support/lib/phusion_passenger/spawn_manager.rb:244:in `spawn_rack_application'
	from /home/gauranga/.passenger/standalone/3.0.11-x86-ruby1.9.2-linux-gcc4.5.2-1002/support/lib/phusion_passenger/spawn_manager.rb:137:in `spawn_application'
	from /home/gauranga/.passenger/standalone/3.0.11-x86-ruby1.9.2-linux-gcc4.5.2-1002/support/lib/phusion_passenger/spawn_manager.rb:275:in `handle_spawn_application'
	from /home/gauranga/.passenger/standalone/3.0.11-x86-ruby1.9.2-linux-gcc4.5.2-1002/support/lib/phusion_passenger/abstract_server.rb:357:in `server_main_loop'
	from /home/gauranga/.passenger/standalone/3.0.11-x86-ruby1.9.2-linux-gcc4.5.2-1002/support/lib/phusion_passenger/abstract_server.rb:206:in `start_synchronously'
	from /home/gauranga/.passenger/standalone/3.0.11-x86-ruby1.9.2-linux-gcc4.5.2-1002/support/helper-scripts/passenger-spawn-server:99:in `<main>'
